mode: set
github.com/newrelic/nri-postgresql/src/query-performance-monitoring/query_performance_main.go:15.91,18.16 3 0
github.com/newrelic/nri-postgresql/src/query-performance-monitoring/query_performance_main.go:18.16,21.3 2 0
github.com/newrelic/nri-postgresql/src/query-performance-monitoring/query_performance_main.go:22.2,47.39 21 0
github.com/newrelic/nri-postgresql/src/query-performance-monitoring/common-utils/ingestion-helpers.go:15.90,16.20 1 0
github.com/newrelic/nri-postgresql/src/query-performance-monitoring/common-utils/ingestion-helpers.go:17.15,19.17 2 0
github.com/newrelic/nri-postgresql/src/query-performance-monitoring/common-utils/ingestion-helpers.go:19.17,21.4 1 0
github.com/newrelic/nri-postgresql/src/query-performance-monitoring/common-utils/ingestion-helpers.go:22.19,24.17 2 0
github.com/newrelic/nri-postgresql/src/query-performance-monitoring/common-utils/ingestion-helpers.go:24.17,26.4 1 0
github.com/newrelic/nri-postgresql/src/query-performance-monitoring/common-utils/ingestion-helpers.go:27.10,29.17 2 0
github.com/newrelic/nri-postgresql/src/query-performance-monitoring/common-utils/ingestion-helpers.go:29.17,31.4 1 0
github.com/newrelic/nri-postgresql/src/query-performance-monitoring/common-utils/ingestion-helpers.go:35.127,41.35 4 0
github.com/newrelic/nri-postgresql/src/query-performance-monitoring/common-utils/ingestion-helpers.go:41.35,42.19 1 0
github.com/newrelic/nri-postgresql/src/query-performance-monitoring/common-utils/ingestion-helpers.go:42.19,43.12 1 0
github.com/newrelic/nri-postgresql/src/query-performance-monitoring/common-utils/ingestion-helpers.go:45.3,49.39 4 0
github.com/newrelic/nri-postgresql/src/query-performance-monitoring/common-utils/ingestion-helpers.go:49.39,51.4 1 0
github.com/newrelic/nri-postgresql/src/query-performance-monitoring/common-utils/ingestion-helpers.go:52.3,52.67 1 0
github.com/newrelic/nri-postgresql/src/query-performance-monitoring/common-utils/ingestion-helpers.go:52.67,53.12 1 0
github.com/newrelic/nri-postgresql/src/query-performance-monitoring/common-utils/ingestion-helpers.go:56.3,58.46 2 0
github.com/newrelic/nri-postgresql/src/query-performance-monitoring/common-utils/ingestion-helpers.go:58.46,65.29 6 0
github.com/newrelic/nri-postgresql/src/query-performance-monitoring/common-utils/ingestion-helpers.go:65.29,66.13 1 0
github.com/newrelic/nri-postgresql/src/query-performance-monitoring/common-utils/ingestion-helpers.go:69.4,69.53 1 0
github.com/newrelic/nri-postgresql/src/query-performance-monitoring/common-utils/ingestion-helpers.go:69.53,71.5 1 0
github.com/newrelic/nri-postgresql/src/query-performance-monitoring/common-utils/ingestion-helpers.go:71.10,71.42 1 0
github.com/newrelic/nri-postgresql/src/query-performance-monitoring/common-utils/ingestion-helpers.go:71.42,73.5 1 0
github.com/newrelic/nri-postgresql/src/query-performance-monitoring/common-utils/ingestion-helpers.go:76.3,76.72 1 0
github.com/newrelic/nri-postgresql/src/query-performance-monitoring/common-utils/ingestion-helpers.go:76.72,80.18 4 0
github.com/newrelic/nri-postgresql/src/query-performance-monitoring/common-utils/ingestion-helpers.go:80.18,83.5 2 0
github.com/newrelic/nri-postgresql/src/query-performance-monitoring/common-utils/ingestion-helpers.go:87.2,88.16 2 0
github.com/newrelic/nri-postgresql/src/query-performance-monitoring/common-utils/ingestion-helpers.go:88.16,91.3 2 0
github.com/newrelic/nri-postgresql/src/query-performance-monitoring/common-utils/ingestion-helpers.go:92.2,95.16 3 0
github.com/newrelic/nri-postgresql/src/query-performance-monitoring/common-utils/ingestion-helpers.go:95.16,98.3 2 0
github.com/newrelic/nri-postgresql/src/query-performance-monitoring/common-utils/ingestion-helpers.go:108.141,116.2 3 0
github.com/newrelic/nri-postgresql/src/query-performance-monitoring/common-utils/ingestion-helpers.go:117.140,124.2 3 0
github.com/newrelic/nri-postgresql/src/query-performance-monitoring/connections/performance-database-connection.go:28.54,30.2 1 0
github.com/newrelic/nri-postgresql/src/query-performance-monitoring/connections/performance-database-connection.go:54.56,68.2 1 1
github.com/newrelic/nri-postgresql/src/query-performance-monitoring/connections/performance-database-connection.go:71.84,73.16 2 0
github.com/newrelic/nri-postgresql/src/query-performance-monitoring/connections/performance-database-connection.go:73.16,75.3 1 0
github.com/newrelic/nri-postgresql/src/query-performance-monitoring/connections/performance-database-connection.go:77.2,79.8 1 0
github.com/newrelic/nri-postgresql/src/query-performance-monitoring/connections/performance-database-connection.go:82.55,84.2 1 0
github.com/newrelic/nri-postgresql/src/query-performance-monitoring/connections/performance-database-connection.go:86.49,88.2 1 0
github.com/newrelic/nri-postgresql/src/query-performance-monitoring/connections/performance-database-connection.go:92.34,93.45 1 1
github.com/newrelic/nri-postgresql/src/query-performance-monitoring/connections/performance-database-connection.go:93.45,95.3 1 1
github.com/newrelic/nri-postgresql/src/query-performance-monitoring/connections/performance-database-connection.go:99.67,101.2 1 1
github.com/newrelic/nri-postgresql/src/query-performance-monitoring/connections/performance-database-connection.go:104.67,106.2 1 0
github.com/newrelic/nri-postgresql/src/query-performance-monitoring/connections/performance-database-connection.go:115.62,117.65 2 1
github.com/newrelic/nri-postgresql/src/query-performance-monitoring/connections/performance-database-connection.go:117.65,120.3 2 1
github.com/newrelic/nri-postgresql/src/query-performance-monitoring/connections/performance-database-connection.go:122.2,123.36 2 1
github.com/newrelic/nri-postgresql/src/query-performance-monitoring/connections/performance-database-connection.go:123.36,124.53 1 1
github.com/newrelic/nri-postgresql/src/query-performance-monitoring/connections/performance-database-connection.go:124.53,126.4 1 1
github.com/newrelic/nri-postgresql/src/query-performance-monitoring/connections/performance-database-connection.go:128.3,128.30 1 1
github.com/newrelic/nri-postgresql/src/query-performance-monitoring/connections/performance-database-connection.go:128.30,130.4 1 1
github.com/newrelic/nri-postgresql/src/query-performance-monitoring/connections/performance-database-connection.go:133.2,133.27 1 1
github.com/newrelic/nri-postgresql/src/query-performance-monitoring/connections/performance-database-connection.go:138.87,140.16 2 1
github.com/newrelic/nri-postgresql/src/query-performance-monitoring/connections/performance-database-connection.go:140.16,142.3 1 1
github.com/newrelic/nri-postgresql/src/query-performance-monitoring/connections/performance-database-connection.go:144.2,144.45 1 1
github.com/newrelic/nri-postgresql/src/query-performance-monitoring/connections/performance-database-connection.go:144.45,146.3 1 1
github.com/newrelic/nri-postgresql/src/query-performance-monitoring/connections/performance-database-connection.go:148.2,148.57 1 1
github.com/newrelic/nri-postgresql/src/query-performance-monitoring/connections/performance-database-connection.go:148.57,150.3 1 1
github.com/newrelic/nri-postgresql/src/query-performance-monitoring/connections/performance-database-connection.go:152.2,152.13 1 1
github.com/newrelic/nri-postgresql/src/query-performance-monitoring/connections/performance-database-connection.go:157.70,169.18 4 1
github.com/newrelic/nri-postgresql/src/query-performance-monitoring/connections/performance-database-connection.go:169.18,171.3 1 1
github.com/newrelic/nri-postgresql/src/query-performance-monitoring/connections/performance-database-connection.go:171.8,173.3 1 1
github.com/newrelic/nri-postgresql/src/query-performance-monitoring/connections/performance-database-connection.go:175.2,177.31 2 1
github.com/newrelic/nri-postgresql/src/query-performance-monitoring/connections/performance-database-connection.go:181.58,182.30 1 1
github.com/newrelic/nri-postgresql/src/query-performance-monitoring/connections/performance-database-connection.go:182.30,184.3 1 1
github.com/newrelic/nri-postgresql/src/query-performance-monitoring/connections/performance-database-connection.go:185.2,185.29 1 1
github.com/newrelic/nri-postgresql/src/query-performance-monitoring/connections/performance-database-connection.go:185.29,187.3 1 1
github.com/newrelic/nri-postgresql/src/query-performance-monitoring/connections/performance-database-connection.go:189.2,189.31 1 1
github.com/newrelic/nri-postgresql/src/query-performance-monitoring/connections/performance-database-connection.go:189.31,191.3 1 1
github.com/newrelic/nri-postgresql/src/query-performance-monitoring/connections/performance-database-connection.go:191.8,194.3 2 1
github.com/newrelic/nri-postgresql/src/query-performance-monitoring/connections/performance-database-connection.go:197.78,201.16 3 0
github.com/newrelic/nri-postgresql/src/query-performance-monitoring/connections/performance-database-connection.go:201.16,203.3 1 0
github.com/newrelic/nri-postgresql/src/query-performance-monitoring/connections/performance-database-connection.go:204.2,204.46 1 0
github.com/newrelic/nri-postgresql/src/query-performance-monitoring/connections/postgres_connection_mock.go:12.79,14.16 2 1
github.com/newrelic/nri-postgresql/src/query-performance-monitoring/connections/postgres_connection_mock.go:14.16,17.3 2 0
github.com/newrelic/nri-postgresql/src/query-performance-monitoring/connections/postgres_connection_mock.go:19.2,23.8 2 1
github.com/newrelic/nri-postgresql/src/query-performance-monitoring/connections/postgres_connection_mock.go:32.49,34.2 1 0
github.com/newrelic/nri-postgresql/src/query-performance-monitoring/connections/postgres_connection_mock.go:37.43,39.2 1 0
github.com/newrelic/nri-postgresql/src/query-performance-monitoring/connections/postgres_connection_mock.go:42.78,45.2 2 0
github.com/newrelic/nri-postgresql/src/query-performance-monitoring/validations/performance_metrics_validations.go:9.108,11.16 2 1
github.com/newrelic/nri-postgresql/src/query-performance-monitoring/validations/performance_metrics_validations.go:11.16,14.3 2 0
github.com/newrelic/nri-postgresql/src/query-performance-monitoring/validations/performance_metrics_validations.go:15.2,18.18 3 1
github.com/newrelic/nri-postgresql/src/query-performance-monitoring/validations/performance_metrics_validations.go:18.18,19.43 1 1
github.com/newrelic/nri-postgresql/src/query-performance-monitoring/validations/performance_metrics_validations.go:19.43,21.4 1 0
github.com/newrelic/nri-postgresql/src/query-performance-monitoring/validations/performance_metrics_validations.go:23.2,23.35 1 1
github.com/newrelic/nri-postgresql/src/query-performance-monitoring/validations/performance_metrics_validations.go:23.35,25.3 1 0
github.com/newrelic/nri-postgresql/src/query-performance-monitoring/validations/performance_metrics_validations.go:27.2,27.23 1 1
github.com/newrelic/nri-postgresql/src/query-performance-monitoring/validations/performance_metrics_validations.go:30.105,32.2 1 1
github.com/newrelic/nri-postgresql/src/query-performance-monitoring/validations/performance_metrics_validations.go:34.105,37.16 3 1
github.com/newrelic/nri-postgresql/src/query-performance-monitoring/validations/performance_metrics_validations.go:37.16,39.3 1 0
github.com/newrelic/nri-postgresql/src/query-performance-monitoring/validations/performance_metrics_validations.go:40.2,40.48 1 1
github.com/newrelic/nri-postgresql/src/query-performance-monitoring/validations/performance_metrics_validations.go:43.111,45.2 1 1
github.com/newrelic/nri-postgresql/src/query-performance-monitoring/validations/performance_metrics_validations.go:47.111,49.2 1 1
github.com/newrelic/nri-postgresql/src/query-performance-monitoring/common-utils/ingestion-helpers.go:15.90,16.20 1 1
github.com/newrelic/nri-postgresql/src/query-performance-monitoring/common-utils/ingestion-helpers.go:17.15,19.17 2 1
github.com/newrelic/nri-postgresql/src/query-performance-monitoring/common-utils/ingestion-helpers.go:19.17,21.4 1 0
github.com/newrelic/nri-postgresql/src/query-performance-monitoring/common-utils/ingestion-helpers.go:22.19,24.17 2 1
github.com/newrelic/nri-postgresql/src/query-performance-monitoring/common-utils/ingestion-helpers.go:24.17,26.4 1 0
github.com/newrelic/nri-postgresql/src/query-performance-monitoring/common-utils/ingestion-helpers.go:27.10,29.17 2 0
github.com/newrelic/nri-postgresql/src/query-performance-monitoring/common-utils/ingestion-helpers.go:29.17,31.4 1 0
github.com/newrelic/nri-postgresql/src/query-performance-monitoring/common-utils/ingestion-helpers.go:35.127,41.35 4 1
github.com/newrelic/nri-postgresql/src/query-performance-monitoring/common-utils/ingestion-helpers.go:41.35,42.19 1 1
github.com/newrelic/nri-postgresql/src/query-performance-monitoring/common-utils/ingestion-helpers.go:42.19,43.12 1 0
github.com/newrelic/nri-postgresql/src/query-performance-monitoring/common-utils/ingestion-helpers.go:45.3,49.39 4 1
github.com/newrelic/nri-postgresql/src/query-performance-monitoring/common-utils/ingestion-helpers.go:49.39,51.4 1 0
github.com/newrelic/nri-postgresql/src/query-performance-monitoring/common-utils/ingestion-helpers.go:52.3,52.67 1 1
github.com/newrelic/nri-postgresql/src/query-performance-monitoring/common-utils/ingestion-helpers.go:52.67,53.12 1 0
github.com/newrelic/nri-postgresql/src/query-performance-monitoring/common-utils/ingestion-helpers.go:56.3,58.46 2 1
github.com/newrelic/nri-postgresql/src/query-performance-monitoring/common-utils/ingestion-helpers.go:58.46,65.29 6 1
github.com/newrelic/nri-postgresql/src/query-performance-monitoring/common-utils/ingestion-helpers.go:65.29,66.13 1 0
github.com/newrelic/nri-postgresql/src/query-performance-monitoring/common-utils/ingestion-helpers.go:69.4,69.53 1 1
github.com/newrelic/nri-postgresql/src/query-performance-monitoring/common-utils/ingestion-helpers.go:69.53,71.5 1 1
github.com/newrelic/nri-postgresql/src/query-performance-monitoring/common-utils/ingestion-helpers.go:71.10,71.42 1 1
github.com/newrelic/nri-postgresql/src/query-performance-monitoring/common-utils/ingestion-helpers.go:71.42,73.5 1 0
github.com/newrelic/nri-postgresql/src/query-performance-monitoring/common-utils/ingestion-helpers.go:76.3,76.72 1 1
github.com/newrelic/nri-postgresql/src/query-performance-monitoring/common-utils/ingestion-helpers.go:76.72,80.18 4 1
github.com/newrelic/nri-postgresql/src/query-performance-monitoring/common-utils/ingestion-helpers.go:80.18,83.5 2 0
github.com/newrelic/nri-postgresql/src/query-performance-monitoring/common-utils/ingestion-helpers.go:87.2,88.16 2 1
github.com/newrelic/nri-postgresql/src/query-performance-monitoring/common-utils/ingestion-helpers.go:88.16,91.3 2 0
github.com/newrelic/nri-postgresql/src/query-performance-monitoring/common-utils/ingestion-helpers.go:92.2,95.16 3 1
github.com/newrelic/nri-postgresql/src/query-performance-monitoring/common-utils/ingestion-helpers.go:95.16,98.3 2 0
github.com/newrelic/nri-postgresql/src/query-performance-monitoring/common-utils/ingestion-helpers.go:108.141,116.2 3 1
github.com/newrelic/nri-postgresql/src/query-performance-monitoring/common-utils/ingestion-helpers.go:117.140,124.2 3 0
github.com/newrelic/nri-postgresql/src/query-performance-monitoring/performance-metrics/blocking_sessions.go:16.119,21.16 5 1
github.com/newrelic/nri-postgresql/src/query-performance-monitoring/performance-metrics/blocking_sessions.go:21.16,23.3 1 1
github.com/newrelic/nri-postgresql/src/query-performance-monitoring/performance-metrics/blocking_sessions.go:24.2,26.18 2 0
github.com/newrelic/nri-postgresql/src/query-performance-monitoring/performance-metrics/blocking_sessions.go:26.18,28.63 2 0
github.com/newrelic/nri-postgresql/src/query-performance-monitoring/performance-metrics/blocking_sessions.go:28.63,30.4 1 0
github.com/newrelic/nri-postgresql/src/query-performance-monitoring/performance-metrics/blocking_sessions.go:31.3,31.87 1 0
github.com/newrelic/nri-postgresql/src/query-performance-monitoring/performance-metrics/blocking_sessions.go:34.2,34.40 1 0
github.com/newrelic/nri-postgresql/src/query-performance-monitoring/performance-metrics/blocking_sessions.go:37.141,39.16 2 1
github.com/newrelic/nri-postgresql/src/query-performance-monitoring/performance-metrics/blocking_sessions.go:39.16,42.3 2 0
github.com/newrelic/nri-postgresql/src/query-performance-monitoring/performance-metrics/blocking_sessions.go:43.2,43.25 1 1
github.com/newrelic/nri-postgresql/src/query-performance-monitoring/performance-metrics/blocking_sessions.go:43.25,46.3 2 1
github.com/newrelic/nri-postgresql/src/query-performance-monitoring/performance-metrics/blocking_sessions.go:47.2,49.16 3 1
github.com/newrelic/nri-postgresql/src/query-performance-monitoring/performance-metrics/blocking_sessions.go:49.16,52.3 2 1
github.com/newrelic/nri-postgresql/src/query-performance-monitoring/performance-metrics/blocking_sessions.go:54.2,54.42 1 0
github.com/newrelic/nri-postgresql/src/query-performance-monitoring/performance-metrics/blocking_sessions.go:54.42,57.3 2 0
github.com/newrelic/nri-postgresql/src/query-performance-monitoring/performance-metrics/blocking_sessions.go:58.2,59.104 2 0
github.com/newrelic/nri-postgresql/src/query-performance-monitoring/performance-metrics/execution_plan_metrics.go:17.144,19.23 1 1
github.com/newrelic/nri-postgresql/src/query-performance-monitoring/performance-metrics/execution_plan_metrics.go:19.23,22.3 2 1
github.com/newrelic/nri-postgresql/src/query-performance-monitoring/performance-metrics/execution_plan_metrics.go:23.2,29.102 4 1
github.com/newrelic/nri-postgresql/src/query-performance-monitoring/performance-metrics/execution_plan_metrics.go:32.113,38.78 3 1
github.com/newrelic/nri-postgresql/src/query-performance-monitoring/performance-metrics/execution_plan_metrics.go:38.78,40.17 2 1
github.com/newrelic/nri-postgresql/src/query-performance-monitoring/performance-metrics/execution_plan_metrics.go:40.17,42.12 2 0
github.com/newrelic/nri-postgresql/src/query-performance-monitoring/performance-metrics/execution_plan_metrics.go:44.3,45.17 2 1
github.com/newrelic/nri-postgresql/src/query-performance-monitoring/performance-metrics/execution_plan_metrics.go:48.2,48.33 1 1
github.com/newrelic/nri-postgresql/src/query-performance-monitoring/performance-metrics/execution_plan_metrics.go:52.185,54.56 1 1
github.com/newrelic/nri-postgresql/src/query-performance-monitoring/performance-metrics/execution_plan_metrics.go:54.56,67.17 4 1
github.com/newrelic/nri-postgresql/src/query-performance-monitoring/performance-metrics/execution_plan_metrics.go:67.17,69.12 2 1
github.com/newrelic/nri-postgresql/src/query-performance-monitoring/performance-metrics/execution_plan_metrics.go:71.3,72.19 2 0
github.com/newrelic/nri-postgresql/src/query-performance-monitoring/performance-metrics/execution_plan_metrics.go:72.19,74.12 2 0
github.com/newrelic/nri-postgresql/src/query-performance-monitoring/performance-metrics/execution_plan_metrics.go:76.3,77.50 2 0
github.com/newrelic/nri-postgresql/src/query-performance-monitoring/performance-metrics/execution_plan_metrics.go:77.50,79.12 2 0
github.com/newrelic/nri-postgresql/src/query-performance-monitoring/performance-metrics/execution_plan_metrics.go:82.3,84.17 3 0
github.com/newrelic/nri-postgresql/src/query-performance-monitoring/performance-metrics/execution_plan_metrics.go:84.17,86.12 2 0
github.com/newrelic/nri-postgresql/src/query-performance-monitoring/performance-metrics/execution_plan_metrics.go:88.3,88.126 1 0
github.com/newrelic/nri-postgresql/src/query-performance-monitoring/performance-metrics/execution_plan_metrics.go:92.121,95.32 2 1
github.com/newrelic/nri-postgresql/src/query-performance-monitoring/performance-metrics/execution_plan_metrics.go:95.32,98.3 2 1
github.com/newrelic/nri-postgresql/src/query-performance-monitoring/performance-metrics/execution_plan_metrics.go:100.2,100.20 1 1
github.com/newrelic/nri-postgresql/src/query-performance-monitoring/performance-metrics/execution_plan_metrics.go:103.174,106.16 3 1
github.com/newrelic/nri-postgresql/src/query-performance-monitoring/performance-metrics/execution_plan_metrics.go:106.16,109.3 2 0
github.com/newrelic/nri-postgresql/src/query-performance-monitoring/performance-metrics/execution_plan_metrics.go:110.2,114.35 5 1
github.com/newrelic/nri-postgresql/src/query-performance-monitoring/performance-metrics/execution_plan_metrics.go:114.35,116.3 1 1
github.com/newrelic/nri-postgresql/src/query-performance-monitoring/performance-metrics/execution_plan_metrics.go:116.8,118.3 1 0
github.com/newrelic/nri-postgresql/src/query-performance-monitoring/performance-metrics/execution_plan_metrics.go:120.2,123.62 3 1
github.com/newrelic/nri-postgresql/src/query-performance-monitoring/performance-metrics/execution_plan_metrics.go:123.62,124.42 1 1
github.com/newrelic/nri-postgresql/src/query-performance-monitoring/performance-metrics/execution_plan_metrics.go:124.42,125.68 1 1
github.com/newrelic/nri-postgresql/src/query-performance-monitoring/performance-metrics/execution_plan_metrics.go:125.68,127.5 1 1
github.com/newrelic/nri-postgresql/src/query-performance-monitoring/performance-metrics/individual_query_metrics.go:17.241,19.16 2 1
github.com/newrelic/nri-postgresql/src/query-performance-monitoring/performance-metrics/individual_query_metrics.go:19.16,22.3 2 0
github.com/newrelic/nri-postgresql/src/query-performance-monitoring/performance-metrics/individual_query_metrics.go:23.2,23.25 1 1
github.com/newrelic/nri-postgresql/src/query-performance-monitoring/performance-metrics/individual_query_metrics.go:23.25,26.3 2 1
github.com/newrelic/nri-postgresql/src/query-performance-monitoring/performance-metrics/individual_query_metrics.go:27.2,29.47 3 1
github.com/newrelic/nri-postgresql/src/query-performance-monitoring/performance-metrics/individual_query_metrics.go:29.47,32.3 2 1
github.com/newrelic/nri-postgresql/src/query-performance-monitoring/performance-metrics/individual_query_metrics.go:33.2,35.37 3 1
github.com/newrelic/nri-postgresql/src/query-performance-monitoring/performance-metrics/individual_query_metrics.go:38.119,40.43 2 1
github.com/newrelic/nri-postgresql/src/query-performance-monitoring/performance-metrics/individual_query_metrics.go:40.43,42.3 1 1
github.com/newrelic/nri-postgresql/src/query-performance-monitoring/performance-metrics/individual_query_metrics.go:43.2,45.14 3 1
github.com/newrelic/nri-postgresql/src/query-performance-monitoring/performance-metrics/individual_query_metrics.go:48.213,52.16 4 1
github.com/newrelic/nri-postgresql/src/query-performance-monitoring/performance-metrics/individual_query_metrics.go:52.16,54.3 1 0
github.com/newrelic/nri-postgresql/src/query-performance-monitoring/performance-metrics/individual_query_metrics.go:55.2,59.18 5 1
github.com/newrelic/nri-postgresql/src/query-performance-monitoring/performance-metrics/individual_query_metrics.go:59.18,62.49 2 1
github.com/newrelic/nri-postgresql/src/query-performance-monitoring/performance-metrics/individual_query_metrics.go:62.49,64.12 2 0
github.com/newrelic/nri-postgresql/src/query-performance-monitoring/performance-metrics/individual_query_metrics.go:66.3,74.107 7 1
github.com/newrelic/nri-postgresql/src/query-performance-monitoring/performance-metrics/individual_query_metrics.go:76.2,76.83 1 1
github.com/newrelic/nri-postgresql/src/query-performance-monitoring/performance-metrics/individual_query_metrics.go:80.120,83.45 2 1
github.com/newrelic/nri-postgresql/src/query-performance-monitoring/performance-metrics/individual_query_metrics.go:83.45,88.58 4 1
github.com/newrelic/nri-postgresql/src/query-performance-monitoring/performance-metrics/individual_query_metrics.go:88.58,90.4 1 1
github.com/newrelic/nri-postgresql/src/query-performance-monitoring/performance-metrics/individual_query_metrics.go:91.3,91.59 1 1
github.com/newrelic/nri-postgresql/src/query-performance-monitoring/performance-metrics/individual_query_metrics.go:93.2,94.30 2 1
github.com/newrelic/nri-postgresql/src/query-performance-monitoring/performance-metrics/slow_query_metrics.go:16.160,22.16 6 1
github.com/newrelic/nri-postgresql/src/query-performance-monitoring/performance-metrics/slow_query_metrics.go:22.16,24.3 1 1
github.com/newrelic/nri-postgresql/src/query-performance-monitoring/performance-metrics/slow_query_metrics.go:25.2,27.18 2 1
github.com/newrelic/nri-postgresql/src/query-performance-monitoring/performance-metrics/slow_query_metrics.go:27.18,29.53 2 1
github.com/newrelic/nri-postgresql/src/query-performance-monitoring/performance-metrics/slow_query_metrics.go:29.53,31.4 1 0
github.com/newrelic/nri-postgresql/src/query-performance-monitoring/performance-metrics/slow_query_metrics.go:32.3,33.83 2 1
github.com/newrelic/nri-postgresql/src/query-performance-monitoring/performance-metrics/slow_query_metrics.go:36.2,36.65 1 1
github.com/newrelic/nri-postgresql/src/query-performance-monitoring/performance-metrics/slow_query_metrics.go:39.181,41.16 2 1
github.com/newrelic/nri-postgresql/src/query-performance-monitoring/performance-metrics/slow_query_metrics.go:41.16,44.3 2 0
github.com/newrelic/nri-postgresql/src/query-performance-monitoring/performance-metrics/slow_query_metrics.go:45.2,45.25 1 1
github.com/newrelic/nri-postgresql/src/query-performance-monitoring/performance-metrics/slow_query_metrics.go:45.25,48.3 2 1
github.com/newrelic/nri-postgresql/src/query-performance-monitoring/performance-metrics/slow_query_metrics.go:50.2,52.16 3 1
github.com/newrelic/nri-postgresql/src/query-performance-monitoring/performance-metrics/slow_query_metrics.go:52.16,55.3 2 1
github.com/newrelic/nri-postgresql/src/query-performance-monitoring/performance-metrics/slow_query_metrics.go:57.2,57.36 1 1
github.com/newrelic/nri-postgresql/src/query-performance-monitoring/performance-metrics/slow_query_metrics.go:57.36,60.3 2 0
github.com/newrelic/nri-postgresql/src/query-performance-monitoring/performance-metrics/slow_query_metrics.go:61.2,63.29 3 1
github.com/newrelic/nri-postgresql/src/query-performance-monitoring/performance-metrics/wait_event_metrics.go:16.120,21.16 5 1
github.com/newrelic/nri-postgresql/src/query-performance-monitoring/performance-metrics/wait_event_metrics.go:21.16,24.3 2 1
github.com/newrelic/nri-postgresql/src/query-performance-monitoring/performance-metrics/wait_event_metrics.go:25.2,27.18 2 1
github.com/newrelic/nri-postgresql/src/query-performance-monitoring/performance-metrics/wait_event_metrics.go:27.18,29.53 2 1
github.com/newrelic/nri-postgresql/src/query-performance-monitoring/performance-metrics/wait_event_metrics.go:29.53,31.4 1 1
github.com/newrelic/nri-postgresql/src/query-performance-monitoring/performance-metrics/wait_event_metrics.go:32.3,32.65 1 1
github.com/newrelic/nri-postgresql/src/query-performance-monitoring/performance-metrics/wait_event_metrics.go:34.2,34.34 1 1
github.com/newrelic/nri-postgresql/src/query-performance-monitoring/performance-metrics/wait_event_metrics.go:37.142,39.16 2 1
github.com/newrelic/nri-postgresql/src/query-performance-monitoring/performance-metrics/wait_event_metrics.go:39.16,42.3 2 1
github.com/newrelic/nri-postgresql/src/query-performance-monitoring/performance-metrics/wait_event_metrics.go:43.2,43.25 1 1
github.com/newrelic/nri-postgresql/src/query-performance-monitoring/performance-metrics/wait_event_metrics.go:43.25,46.3 2 1
github.com/newrelic/nri-postgresql/src/query-performance-monitoring/performance-metrics/wait_event_metrics.go:47.2,49.16 3 0
github.com/newrelic/nri-postgresql/src/query-performance-monitoring/performance-metrics/wait_event_metrics.go:49.16,52.3 2 0
github.com/newrelic/nri-postgresql/src/query-performance-monitoring/performance-metrics/wait_event_metrics.go:54.2,54.36 1 0
github.com/newrelic/nri-postgresql/src/query-performance-monitoring/performance-metrics/wait_event_metrics.go:54.36,57.3 2 0
github.com/newrelic/nri-postgresql/src/query-performance-monitoring/performance-metrics/wait_event_metrics.go:58.2,60.92 2 0
