mode: set
github.com/newrelic/nri-postgresql/src/query-performance-monitoring/performance-metrics/blocking_sessions.go:16.119,21.16 5 1
github.com/newrelic/nri-postgresql/src/query-performance-monitoring/performance-metrics/blocking_sessions.go:21.16,23.3 1 1
github.com/newrelic/nri-postgresql/src/query-performance-monitoring/performance-metrics/blocking_sessions.go:24.2,26.18 2 0
github.com/newrelic/nri-postgresql/src/query-performance-monitoring/performance-metrics/blocking_sessions.go:26.18,28.63 2 0
github.com/newrelic/nri-postgresql/src/query-performance-monitoring/performance-metrics/blocking_sessions.go:28.63,30.4 1 0
github.com/newrelic/nri-postgresql/src/query-performance-monitoring/performance-metrics/blocking_sessions.go:31.3,31.87 1 0
github.com/newrelic/nri-postgresql/src/query-performance-monitoring/performance-metrics/blocking_sessions.go:34.2,34.40 1 0
github.com/newrelic/nri-postgresql/src/query-performance-monitoring/performance-metrics/blocking_sessions.go:37.141,39.16 2 1
github.com/newrelic/nri-postgresql/src/query-performance-monitoring/performance-metrics/blocking_sessions.go:39.16,42.3 2 0
github.com/newrelic/nri-postgresql/src/query-performance-monitoring/performance-metrics/blocking_sessions.go:43.2,43.25 1 1
github.com/newrelic/nri-postgresql/src/query-performance-monitoring/performance-metrics/blocking_sessions.go:43.25,46.3 2 1
github.com/newrelic/nri-postgresql/src/query-performance-monitoring/performance-metrics/blocking_sessions.go:47.2,49.16 3 1
github.com/newrelic/nri-postgresql/src/query-performance-monitoring/performance-metrics/blocking_sessions.go:49.16,52.3 2 1
github.com/newrelic/nri-postgresql/src/query-performance-monitoring/performance-metrics/blocking_sessions.go:54.2,54.42 1 0
github.com/newrelic/nri-postgresql/src/query-performance-monitoring/performance-metrics/blocking_sessions.go:54.42,57.3 2 0
github.com/newrelic/nri-postgresql/src/query-performance-monitoring/performance-metrics/blocking_sessions.go:58.2,59.104 2 0
github.com/newrelic/nri-postgresql/src/query-performance-monitoring/performance-metrics/execution_plan_metrics.go:17.144,19.23 1 1
github.com/newrelic/nri-postgresql/src/query-performance-monitoring/performance-metrics/execution_plan_metrics.go:19.23,22.3 2 1
github.com/newrelic/nri-postgresql/src/query-performance-monitoring/performance-metrics/execution_plan_metrics.go:23.2,29.102 4 1
github.com/newrelic/nri-postgresql/src/query-performance-monitoring/performance-metrics/execution_plan_metrics.go:32.113,38.78 3 1
github.com/newrelic/nri-postgresql/src/query-performance-monitoring/performance-metrics/execution_plan_metrics.go:38.78,40.17 2 1
github.com/newrelic/nri-postgresql/src/query-performance-monitoring/performance-metrics/execution_plan_metrics.go:40.17,42.12 2 0
github.com/newrelic/nri-postgresql/src/query-performance-monitoring/performance-metrics/execution_plan_metrics.go:44.3,45.17 2 1
github.com/newrelic/nri-postgresql/src/query-performance-monitoring/performance-metrics/execution_plan_metrics.go:48.2,48.33 1 1
github.com/newrelic/nri-postgresql/src/query-performance-monitoring/performance-metrics/execution_plan_metrics.go:52.185,54.56 1 1
github.com/newrelic/nri-postgresql/src/query-performance-monitoring/performance-metrics/execution_plan_metrics.go:54.56,67.17 4 1
github.com/newrelic/nri-postgresql/src/query-performance-monitoring/performance-metrics/execution_plan_metrics.go:67.17,69.12 2 1
github.com/newrelic/nri-postgresql/src/query-performance-monitoring/performance-metrics/execution_plan_metrics.go:71.3,72.19 2 0
github.com/newrelic/nri-postgresql/src/query-performance-monitoring/performance-metrics/execution_plan_metrics.go:72.19,74.12 2 0
github.com/newrelic/nri-postgresql/src/query-performance-monitoring/performance-metrics/execution_plan_metrics.go:76.3,77.50 2 0
github.com/newrelic/nri-postgresql/src/query-performance-monitoring/performance-metrics/execution_plan_metrics.go:77.50,79.12 2 0
github.com/newrelic/nri-postgresql/src/query-performance-monitoring/performance-metrics/execution_plan_metrics.go:82.3,84.17 3 0
github.com/newrelic/nri-postgresql/src/query-performance-monitoring/performance-metrics/execution_plan_metrics.go:84.17,86.12 2 0
github.com/newrelic/nri-postgresql/src/query-performance-monitoring/performance-metrics/execution_plan_metrics.go:88.3,88.126 1 0
github.com/newrelic/nri-postgresql/src/query-performance-monitoring/performance-metrics/execution_plan_metrics.go:92.121,95.32 2 1
github.com/newrelic/nri-postgresql/src/query-performance-monitoring/performance-metrics/execution_plan_metrics.go:95.32,98.3 2 1
github.com/newrelic/nri-postgresql/src/query-performance-monitoring/performance-metrics/execution_plan_metrics.go:100.2,100.20 1 1
github.com/newrelic/nri-postgresql/src/query-performance-monitoring/performance-metrics/execution_plan_metrics.go:103.174,106.16 3 0
github.com/newrelic/nri-postgresql/src/query-performance-monitoring/performance-metrics/execution_plan_metrics.go:106.16,109.3 2 0
github.com/newrelic/nri-postgresql/src/query-performance-monitoring/performance-metrics/execution_plan_metrics.go:110.2,114.35 5 0
github.com/newrelic/nri-postgresql/src/query-performance-monitoring/performance-metrics/execution_plan_metrics.go:114.35,116.3 1 0
github.com/newrelic/nri-postgresql/src/query-performance-monitoring/performance-metrics/execution_plan_metrics.go:116.8,118.3 1 0
github.com/newrelic/nri-postgresql/src/query-performance-monitoring/performance-metrics/execution_plan_metrics.go:120.2,123.62 3 0
github.com/newrelic/nri-postgresql/src/query-performance-monitoring/performance-metrics/execution_plan_metrics.go:123.62,124.42 1 0
github.com/newrelic/nri-postgresql/src/query-performance-monitoring/performance-metrics/execution_plan_metrics.go:124.42,125.68 1 0
github.com/newrelic/nri-postgresql/src/query-performance-monitoring/performance-metrics/execution_plan_metrics.go:125.68,127.5 1 0
github.com/newrelic/nri-postgresql/src/query-performance-monitoring/performance-metrics/individual_query_metrics.go:17.241,19.16 2 1
github.com/newrelic/nri-postgresql/src/query-performance-monitoring/performance-metrics/individual_query_metrics.go:19.16,22.3 2 1
github.com/newrelic/nri-postgresql/src/query-performance-monitoring/performance-metrics/individual_query_metrics.go:23.2,23.25 1 1
github.com/newrelic/nri-postgresql/src/query-performance-monitoring/performance-metrics/individual_query_metrics.go:23.25,26.3 2 1
github.com/newrelic/nri-postgresql/src/query-performance-monitoring/performance-metrics/individual_query_metrics.go:27.2,29.47 3 1
github.com/newrelic/nri-postgresql/src/query-performance-monitoring/performance-metrics/individual_query_metrics.go:29.47,32.3 2 1
github.com/newrelic/nri-postgresql/src/query-performance-monitoring/performance-metrics/individual_query_metrics.go:33.2,35.37 3 0
github.com/newrelic/nri-postgresql/src/query-performance-monitoring/performance-metrics/individual_query_metrics.go:38.119,40.43 2 1
github.com/newrelic/nri-postgresql/src/query-performance-monitoring/performance-metrics/individual_query_metrics.go:40.43,42.3 1 1
github.com/newrelic/nri-postgresql/src/query-performance-monitoring/performance-metrics/individual_query_metrics.go:43.2,45.14 3 1
github.com/newrelic/nri-postgresql/src/query-performance-monitoring/performance-metrics/individual_query_metrics.go:48.213,52.16 4 1
github.com/newrelic/nri-postgresql/src/query-performance-monitoring/performance-metrics/individual_query_metrics.go:52.16,54.3 1 1
github.com/newrelic/nri-postgresql/src/query-performance-monitoring/performance-metrics/individual_query_metrics.go:55.2,59.18 5 0
github.com/newrelic/nri-postgresql/src/query-performance-monitoring/performance-metrics/individual_query_metrics.go:59.18,62.49 2 0
github.com/newrelic/nri-postgresql/src/query-performance-monitoring/performance-metrics/individual_query_metrics.go:62.49,64.12 2 0
github.com/newrelic/nri-postgresql/src/query-performance-monitoring/performance-metrics/individual_query_metrics.go:66.3,74.107 7 0
github.com/newrelic/nri-postgresql/src/query-performance-monitoring/performance-metrics/individual_query_metrics.go:76.2,76.83 1 0
github.com/newrelic/nri-postgresql/src/query-performance-monitoring/performance-metrics/individual_query_metrics.go:80.120,83.45 2 0
github.com/newrelic/nri-postgresql/src/query-performance-monitoring/performance-metrics/individual_query_metrics.go:83.45,88.58 4 0
github.com/newrelic/nri-postgresql/src/query-performance-monitoring/performance-metrics/individual_query_metrics.go:88.58,90.4 1 0
github.com/newrelic/nri-postgresql/src/query-performance-monitoring/performance-metrics/individual_query_metrics.go:91.3,91.59 1 0
github.com/newrelic/nri-postgresql/src/query-performance-monitoring/performance-metrics/individual_query_metrics.go:93.2,94.30 2 0
github.com/newrelic/nri-postgresql/src/query-performance-monitoring/performance-metrics/slow_query_metrics.go:16.160,22.16 6 1
github.com/newrelic/nri-postgresql/src/query-performance-monitoring/performance-metrics/slow_query_metrics.go:22.16,24.3 1 1
github.com/newrelic/nri-postgresql/src/query-performance-monitoring/performance-metrics/slow_query_metrics.go:25.2,27.18 2 1
github.com/newrelic/nri-postgresql/src/query-performance-monitoring/performance-metrics/slow_query_metrics.go:27.18,29.53 2 1
github.com/newrelic/nri-postgresql/src/query-performance-monitoring/performance-metrics/slow_query_metrics.go:29.53,31.4 1 0
github.com/newrelic/nri-postgresql/src/query-performance-monitoring/performance-metrics/slow_query_metrics.go:32.3,33.83 2 1
github.com/newrelic/nri-postgresql/src/query-performance-monitoring/performance-metrics/slow_query_metrics.go:36.2,36.65 1 1
github.com/newrelic/nri-postgresql/src/query-performance-monitoring/performance-metrics/slow_query_metrics.go:39.181,41.16 2 1
github.com/newrelic/nri-postgresql/src/query-performance-monitoring/performance-metrics/slow_query_metrics.go:41.16,44.3 2 0
github.com/newrelic/nri-postgresql/src/query-performance-monitoring/performance-metrics/slow_query_metrics.go:45.2,45.25 1 1
github.com/newrelic/nri-postgresql/src/query-performance-monitoring/performance-metrics/slow_query_metrics.go:45.25,48.3 2 1
github.com/newrelic/nri-postgresql/src/query-performance-monitoring/performance-metrics/slow_query_metrics.go:50.2,52.16 3 1
github.com/newrelic/nri-postgresql/src/query-performance-monitoring/performance-metrics/slow_query_metrics.go:52.16,55.3 2 1
github.com/newrelic/nri-postgresql/src/query-performance-monitoring/performance-metrics/slow_query_metrics.go:57.2,57.36 1 1
github.com/newrelic/nri-postgresql/src/query-performance-monitoring/performance-metrics/slow_query_metrics.go:57.36,60.3 2 0
github.com/newrelic/nri-postgresql/src/query-performance-monitoring/performance-metrics/slow_query_metrics.go:61.2,63.29 3 1
github.com/newrelic/nri-postgresql/src/query-performance-monitoring/performance-metrics/wait_event_metrics.go:16.120,21.16 5 1
github.com/newrelic/nri-postgresql/src/query-performance-monitoring/performance-metrics/wait_event_metrics.go:21.16,24.3 2 1
github.com/newrelic/nri-postgresql/src/query-performance-monitoring/performance-metrics/wait_event_metrics.go:25.2,27.18 2 1
github.com/newrelic/nri-postgresql/src/query-performance-monitoring/performance-metrics/wait_event_metrics.go:27.18,29.53 2 1
github.com/newrelic/nri-postgresql/src/query-performance-monitoring/performance-metrics/wait_event_metrics.go:29.53,31.4 1 1
github.com/newrelic/nri-postgresql/src/query-performance-monitoring/performance-metrics/wait_event_metrics.go:32.3,32.65 1 1
github.com/newrelic/nri-postgresql/src/query-performance-monitoring/performance-metrics/wait_event_metrics.go:34.2,34.34 1 1
github.com/newrelic/nri-postgresql/src/query-performance-monitoring/performance-metrics/wait_event_metrics.go:37.142,39.16 2 1
github.com/newrelic/nri-postgresql/src/query-performance-monitoring/performance-metrics/wait_event_metrics.go:39.16,42.3 2 1
github.com/newrelic/nri-postgresql/src/query-performance-monitoring/performance-metrics/wait_event_metrics.go:43.2,43.25 1 1
github.com/newrelic/nri-postgresql/src/query-performance-monitoring/performance-metrics/wait_event_metrics.go:43.25,46.3 2 1
github.com/newrelic/nri-postgresql/src/query-performance-monitoring/performance-metrics/wait_event_metrics.go:47.2,49.16 3 0
github.com/newrelic/nri-postgresql/src/query-performance-monitoring/performance-metrics/wait_event_metrics.go:49.16,52.3 2 0
github.com/newrelic/nri-postgresql/src/query-performance-monitoring/performance-metrics/wait_event_metrics.go:54.2,54.36 1 0
github.com/newrelic/nri-postgresql/src/query-performance-monitoring/performance-metrics/wait_event_metrics.go:54.36,57.3 2 0
github.com/newrelic/nri-postgresql/src/query-performance-monitoring/performance-metrics/wait_event_metrics.go:58.2,60.92 2 0
