mode: set
github.com/newrelic/nri-postgresql/src/query-performance-monitoring/connections/performance-database-connection.go:28.54,30.2 1 0
github.com/newrelic/nri-postgresql/src/query-performance-monitoring/connections/performance-database-connection.go:54.56,68.2 1 1
github.com/newrelic/nri-postgresql/src/query-performance-monitoring/connections/performance-database-connection.go:71.84,73.16 2 0
github.com/newrelic/nri-postgresql/src/query-performance-monitoring/connections/performance-database-connection.go:73.16,75.3 1 0
github.com/newrelic/nri-postgresql/src/query-performance-monitoring/connections/performance-database-connection.go:77.2,79.8 1 0
github.com/newrelic/nri-postgresql/src/query-performance-monitoring/connections/performance-database-connection.go:82.55,84.2 1 0
github.com/newrelic/nri-postgresql/src/query-performance-monitoring/connections/performance-database-connection.go:86.49,88.2 1 0
github.com/newrelic/nri-postgresql/src/query-performance-monitoring/connections/performance-database-connection.go:92.34,93.45 1 1
github.com/newrelic/nri-postgresql/src/query-performance-monitoring/connections/performance-database-connection.go:93.45,95.3 1 1
github.com/newrelic/nri-postgresql/src/query-performance-monitoring/connections/performance-database-connection.go:99.67,101.2 1 1
github.com/newrelic/nri-postgresql/src/query-performance-monitoring/connections/performance-database-connection.go:104.67,106.2 1 0
github.com/newrelic/nri-postgresql/src/query-performance-monitoring/connections/performance-database-connection.go:115.62,117.65 2 1
github.com/newrelic/nri-postgresql/src/query-performance-monitoring/connections/performance-database-connection.go:117.65,120.3 2 1
github.com/newrelic/nri-postgresql/src/query-performance-monitoring/connections/performance-database-connection.go:122.2,123.36 2 1
github.com/newrelic/nri-postgresql/src/query-performance-monitoring/connections/performance-database-connection.go:123.36,124.53 1 1
github.com/newrelic/nri-postgresql/src/query-performance-monitoring/connections/performance-database-connection.go:124.53,126.4 1 1
github.com/newrelic/nri-postgresql/src/query-performance-monitoring/connections/performance-database-connection.go:128.3,128.30 1 1
github.com/newrelic/nri-postgresql/src/query-performance-monitoring/connections/performance-database-connection.go:128.30,130.4 1 1
github.com/newrelic/nri-postgresql/src/query-performance-monitoring/connections/performance-database-connection.go:133.2,133.27 1 1
github.com/newrelic/nri-postgresql/src/query-performance-monitoring/connections/performance-database-connection.go:138.87,140.16 2 1
github.com/newrelic/nri-postgresql/src/query-performance-monitoring/connections/performance-database-connection.go:140.16,142.3 1 1
github.com/newrelic/nri-postgresql/src/query-performance-monitoring/connections/performance-database-connection.go:144.2,144.45 1 1
github.com/newrelic/nri-postgresql/src/query-performance-monitoring/connections/performance-database-connection.go:144.45,146.3 1 1
github.com/newrelic/nri-postgresql/src/query-performance-monitoring/connections/performance-database-connection.go:148.2,148.57 1 1
github.com/newrelic/nri-postgresql/src/query-performance-monitoring/connections/performance-database-connection.go:148.57,150.3 1 1
github.com/newrelic/nri-postgresql/src/query-performance-monitoring/connections/performance-database-connection.go:152.2,152.13 1 1
github.com/newrelic/nri-postgresql/src/query-performance-monitoring/connections/performance-database-connection.go:157.70,169.18 4 1
github.com/newrelic/nri-postgresql/src/query-performance-monitoring/connections/performance-database-connection.go:169.18,171.3 1 1
github.com/newrelic/nri-postgresql/src/query-performance-monitoring/connections/performance-database-connection.go:171.8,173.3 1 1
github.com/newrelic/nri-postgresql/src/query-performance-monitoring/connections/performance-database-connection.go:175.2,177.31 2 1
github.com/newrelic/nri-postgresql/src/query-performance-monitoring/connections/performance-database-connection.go:181.58,182.30 1 1
github.com/newrelic/nri-postgresql/src/query-performance-monitoring/connections/performance-database-connection.go:182.30,184.3 1 1
github.com/newrelic/nri-postgresql/src/query-performance-monitoring/connections/performance-database-connection.go:185.2,185.29 1 1
github.com/newrelic/nri-postgresql/src/query-performance-monitoring/connections/performance-database-connection.go:185.29,187.3 1 1
github.com/newrelic/nri-postgresql/src/query-performance-monitoring/connections/performance-database-connection.go:189.2,189.31 1 1
github.com/newrelic/nri-postgresql/src/query-performance-monitoring/connections/performance-database-connection.go:189.31,191.3 1 1
github.com/newrelic/nri-postgresql/src/query-performance-monitoring/connections/performance-database-connection.go:191.8,194.3 2 1
github.com/newrelic/nri-postgresql/src/query-performance-monitoring/connections/performance-database-connection.go:197.78,201.16 3 0
github.com/newrelic/nri-postgresql/src/query-performance-monitoring/connections/performance-database-connection.go:201.16,203.3 1 0
github.com/newrelic/nri-postgresql/src/query-performance-monitoring/connections/performance-database-connection.go:204.2,204.46 1 0
github.com/newrelic/nri-postgresql/src/query-performance-monitoring/connections/postgres_connection_mock.go:12.79,14.16 2 1
github.com/newrelic/nri-postgresql/src/query-performance-monitoring/connections/postgres_connection_mock.go:14.16,17.3 2 0
github.com/newrelic/nri-postgresql/src/query-performance-monitoring/connections/postgres_connection_mock.go:19.2,23.8 2 1
github.com/newrelic/nri-postgresql/src/query-performance-monitoring/connections/postgres_connection_mock.go:32.49,34.2 1 0
github.com/newrelic/nri-postgresql/src/query-performance-monitoring/connections/postgres_connection_mock.go:37.43,39.2 1 0
github.com/newrelic/nri-postgresql/src/query-performance-monitoring/connections/postgres_connection_mock.go:42.78,45.2 2 0
